<?xml version="1.0" encoding="UTF-8" standalone="no"?>
<testsuite failures="2" name="cucumber.runtime.formatter.JUnitFormatter" skipped="0" tests="2" time="33.493717">
    <testcase classname="Search Product" name="&quot;User successfully search Apple iPhone 11 64GB&quot;" time="21.567062">
        <failure message="org.openqa.selenium.ElementClickInterceptedException: element click intercepted: Element is not clickable at point (964, 700)&#10;  (Session info: chrome=106.0.5249.119)&#10;Build info: version: '3.141.59', revision: 'e82be7d358', time: '2018-11-14T08:17:03'&#10;System info: host: 'Sandiles-MacBook-Pro.local', ip: 'fe80:0:0:0:10ac:81b0:5d80:3eec%en0', os.name: 'Mac OS X', os.arch: 'x86_64', os.version: '12.6', java.version: '19'&#10;Driver info: org.openqa.selenium.chrome.ChromeDriver&#10;Capabilities {acceptInsecureCerts: false, browserName: chrome, browserVersion: 106.0.5249.119, chrome: {chromedriverVersion: 105.0.5195.52 (412c95e51883..., userDataDir: /var/folders/5y/hy5_x_r97s1...}, goog:chromeOptions: {debuggerAddress: localhost:58506}, javascriptEnabled: true, networkConnectionEnabled: false, pageLoadStrategy: normal, platform: MAC, platformName: MAC, proxy: Proxy(), setWindowRect: true, strictFileInteractability: false, timeouts: {implicit: 0, pageLoad: 300000, script: 30000}, unhandledPromptBehavior: dismiss and notify, webauthn:extension:credBlob: true, webauthn:extension:largeBlob: true, webauthn:virtualAuthenticators: true}&#10;Session ID: 4a43f6c651246766ce126d5eb0ee2829&#10;&#9;at java.base/jdk.internal.reflect.DirectConstructorHandleAccessor.newInstance(DirectConstructorHandleAccessor.java:67)&#10;&#9;at java.base/java.lang.reflect.Constructor.newInstanceWithCaller(Constructor.java:500)&#10;&#9;at java.base/java.lang.reflect.Constructor.newInstance(Constructor.java:484)&#10;&#9;at org.openqa.selenium.remote.http.W3CHttpResponseCodec.createException(W3CHttpResponseCodec.java:187)&#10;&#9;at org.openqa.selenium.remote.http.W3CHttpResponseCodec.decode(W3CHttpResponseCodec.java:122)&#10;&#9;at org.openqa.selenium.remote.http.W3CHttpResponseCodec.decode(W3CHttpResponseCodec.java:49)&#10;&#9;at org.openqa.selenium.remote.HttpCommandExecutor.execute(HttpCommandExecutor.java:158)&#10;&#9;at org.openqa.selenium.remote.service.DriverCommandExecutor.execute(DriverCommandExecutor.java:83)&#10;&#9;at org.openqa.selenium.remote.RemoteWebDriver.execute(RemoteWebDriver.java:552)&#10;&#9;at org.openqa.selenium.remote.RemoteWebElement.execute(RemoteWebElement.java:285)&#10;&#9;at org.openqa.selenium.remote.RemoteWebElement.click(RemoteWebElement.java:84)&#10;&#9;at stepDefinitions.ProductsStepDefinition.iCanSearchProductItem(ProductsStepDefinition.java:56)&#10;&#9;at ✽.I can search product item &quot;Apple iPhone 11 64GB&quot;(file:src/test/resources/features/SearchProductItem.feature:6)&#10;"><![CDATA[Given Land on the site......................................................passed
When I can search product item "Apple iPhone 11 64GB".......................failed
Then I can assert the search results "Apple iPhone 11 64GB".................skipped
And I can validate the deal "R399 PM" "36 months" "Online Exclusive"........skipped
Then I can get the deal and validate order summary "Apple iPhone 11 64GB" "36 months" "Online Exclusive".skipped

StackTrace:
org.openqa.selenium.ElementClickInterceptedException: element click intercepted: Element is not clickable at point (964, 700)
  (Session info: chrome=106.0.5249.119)
Build info: version: '3.141.59', revision: 'e82be7d358', time: '2018-11-14T08:17:03'
System info: host: 'Sandiles-MacBook-Pro.local', ip: 'fe80:0:0:0:10ac:81b0:5d80:3eec%en0', os.name: 'Mac OS X', os.arch: 'x86_64', os.version: '12.6', java.version: '19'
Driver info: org.openqa.selenium.chrome.ChromeDriver
Capabilities {acceptInsecureCerts: false, browserName: chrome, browserVersion: 106.0.5249.119, chrome: {chromedriverVersion: 105.0.5195.52 (412c95e51883..., userDataDir: /var/folders/5y/hy5_x_r97s1...}, goog:chromeOptions: {debuggerAddress: localhost:58506}, javascriptEnabled: true, networkConnectionEnabled: false, pageLoadStrategy: normal, platform: MAC, platformName: MAC, proxy: Proxy(), setWindowRect: true, strictFileInteractability: false, timeouts: {implicit: 0, pageLoad: 300000, script: 30000}, unhandledPromptBehavior: dismiss and notify, webauthn:extension:credBlob: true, webauthn:extension:largeBlob: true, webauthn:virtualAuthenticators: true}
Session ID: 4a43f6c651246766ce126d5eb0ee2829
	at java.base/jdk.internal.reflect.DirectConstructorHandleAccessor.newInstance(DirectConstructorHandleAccessor.java:67)
	at java.base/java.lang.reflect.Constructor.newInstanceWithCaller(Constructor.java:500)
	at java.base/java.lang.reflect.Constructor.newInstance(Constructor.java:484)
	at org.openqa.selenium.remote.http.W3CHttpResponseCodec.createException(W3CHttpResponseCodec.java:187)
	at org.openqa.selenium.remote.http.W3CHttpResponseCodec.decode(W3CHttpResponseCodec.java:122)
	at org.openqa.selenium.remote.http.W3CHttpResponseCodec.decode(W3CHttpResponseCodec.java:49)
	at org.openqa.selenium.remote.HttpCommandExecutor.execute(HttpCommandExecutor.java:158)
	at org.openqa.selenium.remote.service.DriverCommandExecutor.execute(DriverCommandExecutor.java:83)
	at org.openqa.selenium.remote.RemoteWebDriver.execute(RemoteWebDriver.java:552)
	at org.openqa.selenium.remote.RemoteWebElement.execute(RemoteWebElement.java:285)
	at org.openqa.selenium.remote.RemoteWebElement.click(RemoteWebElement.java:84)
	at stepDefinitions.ProductsStepDefinition.iCanSearchProductItem(ProductsStepDefinition.java:56)
	at ✽.I can search product item "Apple iPhone 11 64GB"(file:src/test/resources/features/SearchProductItem.feature:6)
]]></failure>
    </testcase>
    <testcase classname="Search Product" name="&quot;Samsung Galaxy S21 FE 5G DS + Samsung Galaxy Buds Live&quot;" time="11.926655">
        <failure message="org.openqa.selenium.ElementNotInteractableException: element not interactable&#10;  (Session info: chrome=106.0.5249.119)&#10;Build info: version: '3.141.59', revision: 'e82be7d358', time: '2018-11-14T08:17:03'&#10;System info: host: 'Sandiles-MacBook-Pro.local', ip: 'fe80:0:0:0:10ac:81b0:5d80:3eec%en0', os.name: 'Mac OS X', os.arch: 'x86_64', os.version: '12.6', java.version: '19'&#10;Driver info: org.openqa.selenium.chrome.ChromeDriver&#10;Capabilities {acceptInsecureCerts: false, browserName: chrome, browserVersion: 106.0.5249.119, chrome: {chromedriverVersion: 105.0.5195.52 (412c95e51883..., userDataDir: /var/folders/5y/hy5_x_r97s1...}, goog:chromeOptions: {debuggerAddress: localhost:58553}, javascriptEnabled: true, networkConnectionEnabled: false, pageLoadStrategy: normal, platform: MAC, platformName: MAC, proxy: Proxy(), setWindowRect: true, strictFileInteractability: false, timeouts: {implicit: 0, pageLoad: 300000, script: 30000}, unhandledPromptBehavior: dismiss and notify, webauthn:extension:credBlob: true, webauthn:extension:largeBlob: true, webauthn:virtualAuthenticators: true}&#10;Session ID: ca11fc5b1c18e93ef99badbde031593b&#10;&#9;at java.base/jdk.internal.reflect.DirectConstructorHandleAccessor.newInstance(DirectConstructorHandleAccessor.java:67)&#10;&#9;at java.base/java.lang.reflect.Constructor.newInstanceWithCaller(Constructor.java:500)&#10;&#9;at java.base/java.lang.reflect.Constructor.newInstance(Constructor.java:484)&#10;&#9;at org.openqa.selenium.remote.http.W3CHttpResponseCodec.createException(W3CHttpResponseCodec.java:187)&#10;&#9;at org.openqa.selenium.remote.http.W3CHttpResponseCodec.decode(W3CHttpResponseCodec.java:122)&#10;&#9;at org.openqa.selenium.remote.http.W3CHttpResponseCodec.decode(W3CHttpResponseCodec.java:49)&#10;&#9;at org.openqa.selenium.remote.HttpCommandExecutor.execute(HttpCommandExecutor.java:158)&#10;&#9;at org.openqa.selenium.remote.service.DriverCommandExecutor.execute(DriverCommandExecutor.java:83)&#10;&#9;at org.openqa.selenium.remote.RemoteWebDriver.execute(RemoteWebDriver.java:552)&#10;&#9;at org.openqa.selenium.remote.RemoteWebElement.execute(RemoteWebElement.java:285)&#10;&#9;at org.openqa.selenium.remote.RemoteWebElement.sendKeys(RemoteWebElement.java:106)&#10;&#9;at stepDefinitions.ProductsStepDefinition.iCanSearchProductItem(ProductsStepDefinition.java:60)&#10;&#9;at ✽.I can search product item &quot;Samsung Galaxy S21 FE 5G DS + Samsung Galaxy Buds Live&quot;(file:src/test/resources/features/SearchProductItem.feature:6)&#10;"><![CDATA[Given Land on the site......................................................passed
When I can search product item "Samsung Galaxy S21 FE 5G DS + Samsung Galaxy Buds Live".failed
Then I can assert the search results "Samsung Galaxy S21 FE 5G DS + Samsung Galaxy Buds Live".skipped
And I can validate the deal "R399 PM" "36 months" "Online Exclusive"........skipped
Then I can get the deal and validate order summary "Samsung Galaxy S21 FE 5G DS + Samsung Galaxy Buds Live" "36 months" "Online Exclusive".skipped

StackTrace:
org.openqa.selenium.ElementNotInteractableException: element not interactable
  (Session info: chrome=106.0.5249.119)
Build info: version: '3.141.59', revision: 'e82be7d358', time: '2018-11-14T08:17:03'
System info: host: 'Sandiles-MacBook-Pro.local', ip: 'fe80:0:0:0:10ac:81b0:5d80:3eec%en0', os.name: 'Mac OS X', os.arch: 'x86_64', os.version: '12.6', java.version: '19'
Driver info: org.openqa.selenium.chrome.ChromeDriver
Capabilities {acceptInsecureCerts: false, browserName: chrome, browserVersion: 106.0.5249.119, chrome: {chromedriverVersion: 105.0.5195.52 (412c95e51883..., userDataDir: /var/folders/5y/hy5_x_r97s1...}, goog:chromeOptions: {debuggerAddress: localhost:58553}, javascriptEnabled: true, networkConnectionEnabled: false, pageLoadStrategy: normal, platform: MAC, platformName: MAC, proxy: Proxy(), setWindowRect: true, strictFileInteractability: false, timeouts: {implicit: 0, pageLoad: 300000, script: 30000}, unhandledPromptBehavior: dismiss and notify, webauthn:extension:credBlob: true, webauthn:extension:largeBlob: true, webauthn:virtualAuthenticators: true}
Session ID: ca11fc5b1c18e93ef99badbde031593b
	at java.base/jdk.internal.reflect.DirectConstructorHandleAccessor.newInstance(DirectConstructorHandleAccessor.java:67)
	at java.base/java.lang.reflect.Constructor.newInstanceWithCaller(Constructor.java:500)
	at java.base/java.lang.reflect.Constructor.newInstance(Constructor.java:484)
	at org.openqa.selenium.remote.http.W3CHttpResponseCodec.createException(W3CHttpResponseCodec.java:187)
	at org.openqa.selenium.remote.http.W3CHttpResponseCodec.decode(W3CHttpResponseCodec.java:122)
	at org.openqa.selenium.remote.http.W3CHttpResponseCodec.decode(W3CHttpResponseCodec.java:49)
	at org.openqa.selenium.remote.HttpCommandExecutor.execute(HttpCommandExecutor.java:158)
	at org.openqa.selenium.remote.service.DriverCommandExecutor.execute(DriverCommandExecutor.java:83)
	at org.openqa.selenium.remote.RemoteWebDriver.execute(RemoteWebDriver.java:552)
	at org.openqa.selenium.remote.RemoteWebElement.execute(RemoteWebElement.java:285)
	at org.openqa.selenium.remote.RemoteWebElement.sendKeys(RemoteWebElement.java:106)
	at stepDefinitions.ProductsStepDefinition.iCanSearchProductItem(ProductsStepDefinition.java:60)
	at ✽.I can search product item "Samsung Galaxy S21 FE 5G DS + Samsung Galaxy Buds Live"(file:src/test/resources/features/SearchProductItem.feature:6)
]]></failure>
    </testcase>
</testsuite>
